<?xml version="1.0" encoding="utf-8" standalone="no"?>
<!--This file represents the results of running a test suite-->
<test-results name="E:\Sandbox\Collinson Group\DevOps-CodeAssignment\Collinson.Web\Collinson.Web.Tests\bin\Debug\Collinson.Web.Tests.dll" total="2" errors="0" failures="0" not-run="0" inconclusive="0" ignored="0" skipped="0" invalid="0" date="2014-10-21" time="23:38:38">
  <environment nunit-version="2.6.3.13283" clr-version="2.0.50727.8009" os-version="Microsoft Windows NT 6.2.9200.0" platform="Win32NT" cwd="E:\Sandbox\Collinson Group\DevOps-CodeAssignment\build" machine-name="BLOSSOM" user="Mark" user-domain="BLOSSOM" />
  <culture-info current-culture="en-GB" current-uiculture="en-GB" />
  <test-suite type="Assembly" name="E:\Sandbox\Collinson Group\DevOps-CodeAssignment\Collinson.Web\Collinson.Web.Tests\bin\Debug\Collinson.Web.Tests.dll" executed="True" result="Success" success="True" time="0.819" asserts="0">
    <results>
      <test-suite type="Namespace" name="Collinson" executed="True" result="Success" success="True" time="0.799" asserts="0">
        <results>
          <test-suite type="Namespace" name="Web" executed="True" result="Success" success="True" time="0.798" asserts="0">
            <results>
              <test-suite type="Namespace" name="Tests" executed="True" result="Success" success="True" time="0.798" asserts="0">
                <results>
                  <test-suite type="TestFixture" name="LoginControllerTests" executed="True" result="Success" success="True" time="0.794" asserts="0">
                    <results>
                      <test-case name="Collinson.Web.Tests.LoginControllerTests.RedirectsToDashboardPageOnFailedValidation" executed="True" result="Success" success="True" time="0.665" asserts="3" />
                      <test-case name="Collinson.Web.Tests.LoginControllerTests.RedirectsToLoginPageOnFailedValidation" executed="True" result="Success" success="True" time="0.072" asserts="1" />
                    </results>
                  </test-suite>
                </results>
              </test-suite>
            </results>
          </test-suite>
        </results>
      </test-suite>
    </results>
  </test-suite>
</test-results>